C51 COMPILER V9.59.0.0   COLLECT                                                           06/15/2020 00:05:00 PAGE 1   


C51 COMPILER V9.59.0.0, COMPILATION OF MODULE COLLECT
OBJECT MODULE PLACED IN .\list\collect.obj
COMPILER INVOKED BY: D:\XX\MDK\C51\BIN\C51.EXE collect.c COMPACT OPTIMIZE(8,SPEED) BROWSE DEBUG OBJECTEXTEND PRINT(.\lis
                    -t\collect.lst) TABS(2) OBJECT(.\list\collect.obj)

line level    source

   1          #include "collect.h"
   2          
   3          
   4          
   5          //=================== 只读1次ADC, 10bit ADC. 分辨率0.01V ===============================
   6          
   7            u16 coll_data_1()
   8            {
   9   1          u16 j;  
  10   1          u16 Bandgap;
  11   1          P1ASF = 0;
  12   1          Get_ADC10bitResult(0);  //改变P1ASF后先读一次并丢弃结果, 让内部的采样电容的电压等于输入值.
  13   1          Bandgap = Get_ADC10bitResult(0);  //读内部基准ADC, P1ASF=0, 读0通道
  14   1          P1ASF = 1<<3;
  15   1          j = Get_ADC10bitResult(3);  //读外部电压ADC
  16   1          j = (u16)((u32)j * 123 / Bandgap);  //计算外部电压, Bandgap为1.23V, 测电压分辨率0.01V
  17   1          return j;
  18   1        }
  19          
  20          //==========================================================================
  21          
  22          
  23                


MODULE INFORMATION:   STATIC OVERLAYABLE
   CODE SIZE        =     57    ----
   CONSTANT SIZE    =   ----    ----
   XDATA SIZE       =   ----    ----
   PDATA SIZE       =   ----       2
   DATA SIZE        =   ----    ----
   IDATA SIZE       =   ----    ----
   BIT SIZE         =   ----    ----
END OF MODULE INFORMATION.


C51 COMPILATION COMPLETE.  0 WARNING(S),  0 ERROR(S)
