C51 COMPILER V9.59.0.0   LCD1602                                                           06/15/2020 00:05:00 PAGE 1   


C51 COMPILER V9.59.0.0, COMPILATION OF MODULE LCD1602
OBJECT MODULE PLACED IN .\list\LCD1602.obj
COMPILER INVOKED BY: D:\XX\MDK\C51\BIN\C51.EXE LCD1602.c COMPACT OPTIMIZE(8,SPEED) BROWSE DEBUG OBJECTEXTEND PRINT(.\lis
                    -t\LCD1602.lst) TABS(2) OBJECT(.\list\LCD1602.obj)

line level    source

   1          #include "LCD1602.h"
   2          
   3          void LCD1602_GPIO_config()
   4          {
   5   1        P5M1 &= ~(1<<4);    //设置P5.4为推挽输出
   6   1        P5M0 |= (1<<4);
   7   1      
   8   1        P5M1 &= ~(1<<0);    //设置P5.0为准双向IO
   9   1        P5M0 &= ~(1<<0);
  10   1      
  11   1        P5M1 &= ~(1<<1);    //设置P5.1为准双向IO
  12   1        P5M0 &= ~(1<<1);
  13   1      
  14   1        P5M1 &= ~(1<<2);    //设置P5.2为准双向IO
  15   1        P5M0 &= ~(1<<2);
  16   1      
  17   1        P4M1 = 0X00;    //设置P4为准双向IO
  18   1        P4M0 = 0X00;
  19   1      }
  20          
  21          //****************************************************
  22          //写指令
  23          //****************************************************
  24          void LCD1602_write_com(unsigned char com)
  25          {
  26   1        LCD1602_RS = 0;
  27   1        delay_ms(1);
  28   1        LCD1602_EN = 1;
  29   1        LCD1602_PORT = com;
  30   1        delay_ms(1);
  31   1        LCD1602_EN = 0;
  32   1      }
  33          
  34          //****************************************************
  35          //写数据
  36          //****************************************************
  37          void LCD1602_write_data(unsigned char dat)
  38          {
  39   1        LCD1602_RS = 1;           //输入为数据
  40   1        delay_ms(1);  
  41   1        LCD1602_PORT = dat;       //从端口读取数据
  42   1        LCD1602_EN = 1;           //输入上升沿
  43   1        delay_ms(1);
  44   1        LCD1602_EN = 0;           //输入下降沿
  45   1      }
  46          
  47          //****************************************************
  48          //连续写字符
  49          //****************************************************
  50          /*void LCD1602_write_word(unsigned char *s)
  51          {
  52            while(*s>0)
  53            {
  54              LCD1602_write_data(*s);
C51 COMPILER V9.59.0.0   LCD1602                                                           06/15/2020 00:05:00 PAGE 2   

  55              s++;
  56            }
  57          }
  58          */
  59          void Init_LCD1602()
  60          {
  61   1        LCD1602_GPIO_config();
  62   1        LCD1602_Backlight = 1;  //打开背光
  63   1      
  64   1      
  65   1        LCD1602_EN = 0;
  66   1        LCD1602_RW = 0;           //设置为写状态
  67   1        LCD1602_write_com(0x38);      //显示模式设定
  68   1        LCD1602_write_com(0x0c);      //开关显示、光标有无设置、光标闪烁设置
  69   1        LCD1602_write_com(0x06);      //写一个字符后指针加一
  70   1        LCD1602_write_com(0x01);      //清屏指令
  71   1      }
  72          
  73          


MODULE INFORMATION:   STATIC OVERLAYABLE
   CODE SIZE        =    111    ----
   CONSTANT SIZE    =   ----    ----
   XDATA SIZE       =   ----    ----
   PDATA SIZE       =   ----       2
   DATA SIZE        =   ----    ----
   IDATA SIZE       =   ----    ----
   BIT SIZE         =   ----    ----
END OF MODULE INFORMATION.


C51 COMPILATION COMPLETE.  0 WARNING(S),  0 ERROR(S)
