C51 COMPILER V9.59.0.0   LOCATION                                                          05/28/2020 22:33:41 PAGE 1   


C51 COMPILER V9.59.0.0, COMPILATION OF MODULE LOCATION
OBJECT MODULE PLACED IN .\list\location.obj
COMPILER INVOKED BY: D:\XX\MDK\C51\BIN\C51.EXE location.c OPTIMIZE(8,SPEED) BROWSE DEBUG OBJECTEXTEND PRINT(.\list\locat
                    -ion.lst) TABS(2) OBJECT(.\list\location.obj)

line level    source

   1          #include "location.h"
   2          
   3          
   4          u16 code fingerprint[10][12][3] =  {{{150,173,436},{181,223,436},{184,254,436},{185,275,435},{190,301,407}
             -,{196,347,369},{197,378,330},{191,406,306},{171,425,258},{175,435,229},{168,435,197},{157,435,190}},
   5                                              {{167,189,436},{176,218,436},{178,238,436},{192,268,436},{200,303,411},{208,341,375},{20
             -8,375,339},{206,410,303},{193,435,263},{189,436,234},{180,436,208},{169,436,188}},
   6                                              {{181,191,436},{191,217,436},{211,247,436},{220,271,436},{231,306,414},{234,342,379},{23
             -0,378,334},{219,410,292},{206,435,259},{202,435,229},{198,435,220},{181,435,194}},
   7                                              {{202,194,436},{216,218,436},{235,246,436},{250,268,436},{259,297,408},{261,336,367},{25
             -8,368,328},{254,402,286},{241,427,256},{235,435,231},{216,435,213},{202,435,191}},
   8                                              {{219,187,436},{239,204,436},{262,231,432},{275,259,415},{284,286,384},{286,320,352},{2
             -79,351,317},{272,379,277},{267,403,205},{259,418,226},{237,434,205},{222,423,193}},
   9                                              {{242,182,401},{262,200,406},{280,221,400},{298,247,387},{310,271,360},{312,298,337},{3
             -05,331,305},{301,353,269},{292,372,243},{278,385,225},{263,399,209},{231,393,181}},
  10                                              {{257,171,367},{274,188,370},{294,206,364},{317,232,353},{333,257,337},{335,280,307},{3
             -34,302,279},{327,326,259},{310,345,232},{354,354,213},{270,361,183},{248,352,165}},
  11                                              {{263,159,332},{280,174,333},{303,191,330},{328,215,323},{346,239,308},{253,261,287},{3
             -48,279,262},{341,299,245},{328,316,223},{308,330,206},{279,321,176},{261,311,161}},
  12                                              {{262,159,301},{280,169,300},{303,187,299},{328,206,288},{345,226,280},{349,249,261},{3
             -45,261,246},{342,276,225},{327,290,213},{304,291,184},{280,287,161},{262,279,147}},
  13                                              {{254,155,284},{270,165,280},{288,175,271},{311,188,262},{326,207,253},{334,223,238},{3
             -35,241,219},{330,257,195},{307,260,181},{286,260,160},{263,264,147},{243,264,141}}};
  14              
  15          
  16          
  17          void location()
  18          {
  19   1        u8 x,y,z;   
  20   1        u16 num = 250000,Difference = 0,num1[3];
  21   1        for(x = 0; x< 10; x++)
  22   1        {
  23   2          for(y = 0; y< 12; y++)
  24   2          {
  25   3            for(z = 0; z< 3; z++)
  26   3            {
  27   4              num1[z] = pow((fingerprint[x][y][z] - process_data[z]),2);
*** ERROR C202 IN LINE 27 OF location.c: 'process_data': undefined identifier
  28   4              Difference += num1[z];
  29   4            }
  30   3            if(num < Difference)
  31   3            {
  32   4              num = Difference;
  33   4              coordinate[0]=x;
  34   4              coordinate[1]=y;
  35   4              coordinate[2]=z;
  36   4            }
  37   3          }
  38   2        }
  39   1      }

C51 COMPILATION COMPLETE.  0 WARNING(S),  1 ERROR(S)
